<?xml version="1.0" encoding="UTF-8"?>
<!-- Generated by org.testng.reporters.JUnitReportReporter -->
<testsuite hostname="PRINHYLTPDL0700" failures="0" tests="1" name="tests.BrowserStackTests" time="15.333" errors="0" timestamp="27 Aug 2019 11:49:04 GMT" skipped="0">
  <testcase classname="tests.BrowserStackTests" name="openSTM" time="15.333"/>
</testsuite> <!-- tests.BrowserStackTests -->
