<?xml version="1.0" encoding="UTF-8"?>
<!-- Generated by org.testng.reporters.JUnitReportReporter -->
<testsuite hostname="PRINHYLTPDL0700" failures="0" tests="5" name="com.Task5.Task5_1" time="0.028" errors="0" timestamp="14 Aug 2019 05:27:19 GMT" skipped="0">
  <testcase classname="com.Task5.Task5_1" name="login" time="0.004"/>
  <testcase classname="com.Task5.Task5_1" name="draftMail" time="0.004"/>
  <testcase classname="com.Task5.Task5_1" name="setUp" time="0.000"/>
  <testcase classname="com.Task5.Task5_1" name="composeMail" time="0.016"/>
  <testcase classname="com.Task5.Task5_1" name="logout" time="0.004"/>
</testsuite> <!-- com.Task5.Task5_1 -->
