<?xml version="1.0" encoding="UTF-8"?>
<!-- Generated by org.testng.reporters.JUnitReportReporter -->
<testsuite hostname="PRINHYLTPDL0700" failures="0" tests="2" name="com.Task2.Task2_1" time="12.670" errors="0" timestamp="12 Aug 2019 12:17:52 GMT" skipped="1">
  <testcase classname="com.Task2.Task2_1" name="login" time="12.670"/>
  <testcase classname="com.Task2.Task2_1" name="logout">
    <skipped/>
  </testcase> <!-- logout -->
</testsuite> <!-- com.Task2.Task2_1 -->
