<?xml version="1.0" encoding="UTF-8"?>
<!-- Generated by org.testng.reporters.JUnitReportReporter -->
<testsuite hostname="PRINHYLTPDL0700" failures="0" tests="5" name="com.Task5.Task5" time="0.028" errors="0" timestamp="14 Aug 2019 05:14:02 GMT" skipped="0">
  <testcase classname="com.Task5.Task5" name="composeMail" time="0.012"/>
  <testcase classname="com.Task5.Task5" name="setUp" time="0.004"/>
  <testcase classname="com.Task5.Task5" name="login" time="0.004"/>
  <testcase classname="com.Task5.Task5" name="draftMail" time="0.004"/>
  <testcase classname="com.Task5.Task5" name="logout" time="0.004"/>
</testsuite> <!-- com.Task5.Task5 -->
