<?xml version="1.0" encoding="UTF-8"?>
<!-- Generated by org.testng.reporters.JUnitReportReporter -->
<testsuite hostname="PRINHYLTPDL0700" failures="0" tests="6" name="com.Task3.Task3" time="0.000" errors="0" timestamp="13 Aug 2019 08:21:52 GMT" skipped="6">
  <testcase classname="com.Task3.Task3" name="func5" time="0.000">
    <skipped/>
  </testcase> <!-- func5 -->
  <testcase classname="com.Task3.Task3" name="func4" time="0.000">
    <skipped/>
  </testcase> <!-- func4 -->
  <testcase classname="com.Task3.Task3" name="func6" time="0.000">
    <skipped/>
  </testcase> <!-- func6 -->
  <testcase classname="com.Task3.Task3" name="func2" time="0.000">
    <skipped/>
  </testcase> <!-- func2 -->
  <testcase classname="com.Task3.Task3" name="func3" time="0.000">
    <skipped/>
  </testcase> <!-- func3 -->
  <testcase classname="com.Task3.Task3" name="func1" time="0.000">
    <skipped/>
  </testcase> <!-- func1 -->
</testsuite> <!-- com.Task3.Task3 -->
