<?xml version="1.0" encoding="UTF-8"?>
<!-- Generated by org.testng.reporters.JUnitReportReporter -->
<testsuite hostname="PRINHYLTPDL0700" failures="0" tests="2" name="com.Task4.Task4" time="0.012" errors="0" timestamp="12 Aug 2019 12:37:47 GMT" skipped="0">
  <testcase classname="com.Task4.Task4" name="test1" time="0.000"/>
  <testcase classname="com.Task4.Task4" name="test" time="0.012"/>
</testsuite> <!-- com.Task4.Task4 -->
