<?xml version="1.0" encoding="UTF-8"?>
<!-- Generated by org.testng.reporters.JUnitReportReporter -->
<testsuite hostname="PRINHYLTPDL0700" failures="0" tests="2" name="com.Task2.Task2_2" time="22.233" errors="0" timestamp="12 Aug 2019 12:17:52 GMT" skipped="0">
  <testcase classname="com.Task2.Task2_2" name="login" time="10.416"/>
  <testcase classname="com.Task2.Task2_2" name="logout" time="11.817"/>
</testsuite> <!-- com.Task2.Task2_2 -->
