<?xml version="1.0" encoding="UTF-8"?>
<!-- Generated by org.testng.reporters.JUnitReportReporter -->
<testsuite hostname="PRINHYLTPDL0700" failures="0" tests="2" name="com.Task3.Task3_2" time="0.000" errors="0" timestamp="13 Aug 2019 08:21:52 GMT" skipped="2">
  <testcase classname="com.Task3.Task3_2" name="func1" time="0.000">
    <skipped/>
  </testcase> <!-- func1 -->
  <testcase classname="com.Task3.Task3_2" name="func6" time="0.000">
    <skipped/>
  </testcase> <!-- func6 -->
</testsuite> <!-- com.Task3.Task3_2 -->
