<?xml version="1.0" encoding="UTF-8"?>
<!-- Generated by org.testng.reporters.JUnitReportReporter -->
<testsuite hostname="PRINHYLTPDL0700" failures="0" tests="1" name="com.Task.PhoneBookDoc3" time="9.290" errors="0" timestamp="26 Aug 2019 07:12:22 GMT" skipped="0">
  <testcase classname="com.Task.PhoneBookDoc3" name="phoneBookSearchResult" time="9.290"/>
</testsuite> <!-- com.Task.PhoneBookDoc3 -->
