<?xml version="1.0" encoding="UTF-8"?>
<!-- Generated by org.testng.reporters.JUnitReportReporter -->
<testsuite hostname="PRINHYLTPDL0700" failures="0" tests="1" name="com.Task.PhoneBookDoc4" time="155.593" errors="0" timestamp="28 Aug 2019 09:39:40 GMT" skipped="0">
  <testcase classname="com.Task.PhoneBookDoc4" name="phoneBookSearchResult" time="155.593"/>
</testsuite> <!-- com.Task.PhoneBookDoc4 -->
