<?xml version="1.0" encoding="UTF-8"?>
<!-- Generated by org.testng.reporters.JUnitReportReporter -->
<testsuite hostname="PRINHYLTPDL0700" failures="0" tests="1" name="com.Task.PhoneBookDoc2" time="8.795" errors="0" timestamp="25 Aug 2019 06:57:55 GMT" skipped="0">
  <testcase classname="com.Task.PhoneBookDoc2" name="phoneBookSearchResult" time="8.795"/>
</testsuite> <!-- com.Task.PhoneBookDoc2 -->
