<?xml version="1.0" encoding="UTF-8"?>
<!-- Generated by org.testng.reporters.JUnitReportReporter -->
<testsuite hostname="PRINHYLTPDL0700" failures="0" tests="1" name="com.Test.TestNG.TestingCorridor" time="8.804" errors="0" timestamp="07 Aug 2019 09:02:52 GMT" skipped="0">
  <testcase classname="com.Test.TestNG.TestingCorridor" name="setup" time="8.804"/>
</testsuite> <!-- com.Test.TestNG.TestingCorridor -->
