<?xml version="1.0" encoding="UTF-8"?>
<!-- Generated by org.testng.reporters.JUnitReportReporter -->
<testsuite hostname="PRINHYLTPDL0700" failures="0" tests="1" name="com.Examples.BackHome" time="8.844" errors="0" timestamp="08 Aug 2019 11:44:50 GMT" skipped="0">
  <testcase classname="com.Examples.BackHome" name="letsMeetMethod" time="8.844"/>
</testsuite> <!-- com.Examples.BackHome -->
