<?xml version="1.0" encoding="UTF-8"?>
<!-- Generated by org.testng.reporters.JUnitReportReporter -->
<testsuite hostname="PRINHYLTPDL0700" failures="0" tests="1" name="com.runFailedTest.Test1" time="0.013" errors="0" timestamp="28 Aug 2019 10:07:46 GMT" skipped="0">
  <testcase classname="com.runFailedTest.Test1" name="test1" time="0.013"/>
</testsuite> <!-- com.runFailedTest.Test1 -->
