<?xml version="1.0" encoding="UTF-8"?>
<!-- Generated by org.testng.reporters.JUnitReportReporter -->
<testsuite hostname="PRINHYLTPDL0700" failures="0" tests="6" name="com.Examples.Test1" time="0.028" errors="0" timestamp="13 Aug 2019 04:48:40 GMT" skipped="2">
  <testcase classname="com.Examples.Test1" name="TestSetUp5" time="0.008"/>
  <testcase classname="com.Examples.Test1" name="TestSetUp4" time="0.004"/>
  <testcase classname="com.Examples.Test1" name="TestSetUp3" time="0.012"/>
  <testcase classname="com.Examples.Test1" name="TestSetUp2" time="0.004"/>
  <testcase classname="com.Examples.Test1" name="SetUp">
    <skipped/>
  </testcase> <!-- SetUp -->
  <testcase classname="com.Examples.Test1" name="TestSetUp1">
    <skipped/>
  </testcase> <!-- TestSetUp1 -->
</testsuite> <!-- com.Examples.Test1 -->
