<?xml version="1.0" encoding="UTF-8"?>
<!-- Generated by org.testng.reporters.JUnitReportReporter -->
<testsuite hostname="PRINHYLTPDL0700" failures="0" tests="6" name="com.Examples.Test2" time="0.020" errors="0" timestamp="08 Aug 2019 06:28:44 GMT" skipped="0">
  <testcase classname="com.Examples.Test2" name="SetUp" time="0.004"/>
  <testcase classname="com.Examples.Test2" name="TestSetUp3" time="0.000"/>
  <testcase classname="com.Examples.Test2" name="TestSetUp5" time="0.004"/>
  <testcase classname="com.Examples.Test2" name="TestSetUp2" time="0.008"/>
  <testcase classname="com.Examples.Test2" name="TestSetUp1" time="0.000"/>
  <testcase classname="com.Examples.Test2" name="TestSetUp4" time="0.004"/>
</testsuite> <!-- com.Examples.Test2 -->
