<?xml version="1.0" encoding="UTF-8"?>
<!-- Generated by org.testng.reporters.JUnitReportReporter -->
<testsuite hostname="PRINHYLTPDL0700" failures="0" tests="10" name="com.Examples.ThreadPool" time="0.083" errors="0" timestamp="19 Aug 2019 05:59:54 GMT" skipped="0">
  <testcase classname="com.Examples.ThreadPool" name="testCase2" time="0.018"/>
  <testcase classname="com.Examples.ThreadPool" name="testCase2" time="0.003"/>
  <testcase classname="com.Examples.ThreadPool" name="testCase2" time="0.018"/>
  <testcase classname="com.Examples.ThreadPool" name="testCase2" time="0.006"/>
  <testcase classname="com.Examples.ThreadPool" name="testCase2" time="0.007"/>
  <testcase classname="com.Examples.ThreadPool" name="testCase2" time="0.003"/>
  <testcase classname="com.Examples.ThreadPool" name="testCase2" time="0.002"/>
  <testcase classname="com.Examples.ThreadPool" name="testCase2" time="0.002"/>
  <testcase classname="com.Examples.ThreadPool" name="testCase2" time="0.018"/>
  <testcase classname="com.Examples.ThreadPool" name="testCase2" time="0.006"/>
</testsuite> <!-- com.Examples.ThreadPool -->
