<?xml version="1.0" encoding="UTF-8"?>
<!-- Generated by org.testng.reporters.JUnitReportReporter -->
<testsuite hostname="PRINHYLTPDL0700" failures="0" tests="1" name="com.Examples.MultiSelectDropdown" time="15.133" errors="0" timestamp="20 Aug 2019 09:17:53 GMT" skipped="0">
  <testcase classname="com.Examples.MultiSelectDropdown" name="testApp" time="15.133"/>
</testsuite> <!-- com.Examples.MultiSelectDropdown -->
