<?xml version="1.0" encoding="UTF-8"?>
<!-- Generated by org.testng.reporters.JUnitReportReporter -->
<testsuite hostname="PRINHYLTPDL0700" failures="0" tests="1" name="com.keyboard_mouse_events.Right_click" time="14.338" errors="0" timestamp="03 Sep 2019 09:35:54 GMT" skipped="0">
  <testcase classname="com.keyboard_mouse_events.Right_click" name="textInCaps" time="14.338"/>
</testsuite> <!-- com.keyboard_mouse_events.Right_click -->
