<?xml version="1.0" encoding="UTF-8"?>
<!-- Generated by org.testng.reporters.JUnitReportReporter -->
<testsuite hostname="PRINHYLTPDL0700" failures="0" tests="1" name="com.keyboard_mouse_events.MouseHover" time="12.927" errors="0" timestamp="28 Aug 2019 11:02:17 GMT" skipped="0">
  <testcase classname="com.keyboard_mouse_events.MouseHover" name="holidayListMethod" time="12.927"/>
</testsuite> <!-- com.keyboard_mouse_events.MouseHover -->
