<?xml version="1.0" encoding="UTF-8"?>
<!-- Generated by org.testng.reporters.JUnitReportReporter -->
<testsuite hostname="PRINHYLTPDL0700" failures="0" tests="1" name="com.Examples.Test4" time="0.002" errors="0" timestamp="08 Aug 2019 06:28:44 GMT" skipped="0">
  <testcase classname="com.Examples.Test4" name="test" time="0.002"/>
</testsuite> <!-- com.Examples.Test4 -->
