<?xml version="1.0" encoding="UTF-8"?>
<!-- Generated by org.testng.reporters.JUnitReportReporter -->
<testsuite hostname="PRINHYLTPDL0700" failures="0" tests="2" name="com.ParallelTests.ParallelTests" time="38.598" errors="0" timestamp="03 Sep 2019 06:10:17 GMT" skipped="0">
  <testcase classname="com.ParallelTests.ParallelTests" name="getChorme" time="17.601"/>
  <testcase classname="com.ParallelTests.ParallelTests" name="getFirefox" time="20.997"/>
</testsuite> <!-- com.ParallelTests.ParallelTests -->
