<?xml version="1.0" encoding="UTF-8"?>
<!-- Generated by org.testng.reporters.JUnitReportReporter -->
<testsuite hostname="PRINHYLTPDL0700" failures="0" tests="16" name="com.Examples.Test6" time="0.028" errors="0" timestamp="09 Aug 2019 08:52:37 GMT" skipped="3">
  <testcase classname="com.Examples.Test6" name="SetUp" time="0.004"/>
  <testcase classname="com.Examples.Test6" name="SetUp" time="0.000"/>
  <testcase classname="com.Examples.Test6" name="SetUp" time="0.004"/>
  <testcase classname="com.Examples.Test6" name="SetUp" time="0.004"/>
  <testcase classname="com.Examples.Test6" name="SetUp" time="0.016"/>
  <testcase classname="com.Examples.Test6" name="SetUp" time="0.000"/>
  <testcase classname="com.Examples.Test6" name="SetUp" time="0.000"/>
  <testcase classname="com.Examples.Test6" name="SetUp" time="0.000"/>
  <testcase classname="com.Examples.Test6" name="SetUp" time="0.000"/>
  <testcase classname="com.Examples.Test6" name="SetUp" time="0.000"/>
  <testcase classname="com.Examples.Test6" name="signup" time="0.000"/>
  <testcase classname="com.Examples.Test6" name="login" time="0.000"/>
  <testcase classname="com.Examples.Test6" name="logout" time="0.000"/>
  <testcase classname="com.Examples.Test6" name="draftMail">
    <skipped/>
  </testcase> <!-- draftMail -->
  <testcase classname="com.Examples.Test6" name="composeMail">
    <skipped/>
  </testcase> <!-- composeMail -->
  <testcase classname="com.Examples.Test6" name="sendMail">
    <skipped/>
  </testcase> <!-- sendMail -->
</testsuite> <!-- com.Examples.Test6 -->
