<?xml version="1.0" encoding="UTF-8"?>
<!-- Generated by org.testng.reporters.JUnitReportReporter -->
<testsuite hostname="PRINHYLTPDL0700" failures="0" tests="2" name="com.Examples.DataProviderClass" time="0.012" errors="0" timestamp="14 Aug 2019 09:37:32 GMT" skipped="0">
  <testcase classname="com.Examples.DataProviderClass" name="loginTest" time="0.008"/>
  <testcase classname="com.Examples.DataProviderClass" name="loginTest" time="0.004"/>
</testsuite> <!-- com.Examples.DataProviderClass -->
