<?xml version="1.0" encoding="UTF-8"?>
<!-- Generated by org.testng.reporters.JUnitReportReporter -->
<testsuite hostname="PRINHYLTPDL0700" failures="0" tests="1" name="com.UsingCMD.UsingCMD" time="0.009" errors="0" timestamp="03 Sep 2019 05:39:39 GMT" skipped="0">
  <testcase classname="com.UsingCMD.UsingCMD" name="printOutput" time="0.009"/>
</testsuite> <!-- com.UsingCMD.UsingCMD -->
