<?xml version="1.0" encoding="UTF-8"?>
<!-- Generated by org.testng.reporters.JUnitReportReporter -->
<testsuite hostname="PRINHYLTPDL0700" failures="0" tests="1" name="com.Examples.MultiSelectDropdown2" time="14.249" errors="0" timestamp="20 Aug 2019 06:16:13 GMT" skipped="0">
  <testcase classname="com.Examples.MultiSelectDropdown2" name="testApp" time="14.249"/>
</testsuite> <!-- com.Examples.MultiSelectDropdown2 -->
