<?xml version="1.0" encoding="UTF-8"?>
<!-- Generated by org.testng.reporters.JUnitReportReporter -->
<testsuite hostname="PRINHYLTPDL0700" failures="0" tests="2" name="com.Examples.Test8" time="0.015" errors="0" timestamp="12 Aug 2019 10:20:11 GMT" skipped="0">
  <testcase classname="com.Examples.Test8" name="test1" time="0.003"/>
  <testcase classname="com.Examples.Test8" name="test" time="0.012"/>
</testsuite> <!-- com.Examples.Test8 -->
