<?xml version="1.0" encoding="UTF-8"?>
<!-- Generated by org.testng.reporters.JUnitReportReporter -->
<testsuite hostname="PRINHYLTPDL0700" failures="0" tests="1" name="com.keyboard_mouse_events.Drag_Drop" time="8.926" errors="0" timestamp="28 Aug 2019 10:54:10 GMT" skipped="0">
  <testcase classname="com.keyboard_mouse_events.Drag_Drop" name="actionsClass" time="8.926"/>
</testsuite> <!-- com.keyboard_mouse_events.Drag_Drop -->
