<?xml version="1.0" encoding="UTF-8"?>
<!-- Generated by org.testng.reporters.JUnitReportReporter -->
<testsuite hostname="PRINHYLTPDL0700" failures="0" tests="1" name="com.Examples.TestNGException" time="0.013" errors="0" timestamp="16 Aug 2019 11:22:53 GMT" skipped="0">
  <testcase classname="com.Examples.TestNGException" name="testException" time="0.013"/>
</testsuite> <!-- com.Examples.TestNGException -->
