<?xml version="1.0" encoding="UTF-8"?>
<!-- Generated by org.testng.reporters.JUnitReportReporter -->
<testsuite hostname="PRINHYLTPDL0700" failures="0" tests="1" name="com.keyboard_mouse_events.Double_action" time="16.151" errors="0" timestamp="03 Sep 2019 09:32:07 GMT" skipped="0">
  <testcase classname="com.keyboard_mouse_events.Double_action" name="doubleClick" time="16.151"/>
</testsuite> <!-- com.keyboard_mouse_events.Double_action -->
