<?xml version="1.0" encoding="UTF-8"?>
<!-- Generated by org.testng.reporters.JUnitReportReporter -->
<testsuite hostname="PRINHYLTPDL0700" failures="0" tests="3" name="com.Examples.Test5" time="0.016" errors="0" timestamp="09 Aug 2019 09:12:49 GMT" skipped="2">
  <testcase classname="com.Examples.Test5" name="composeMail" time="0.016"/>
  <testcase classname="com.Examples.Test5" name="logout">
    <skipped/>
  </testcase> <!-- logout -->
  <testcase classname="com.Examples.Test5" name="SetUp">
    <skipped/>
  </testcase> <!-- SetUp -->
</testsuite> <!-- com.Examples.Test5 -->
