<?xml version="1.0" encoding="UTF-8"?>
<!-- Generated by org.testng.reporters.JUnitReportReporter -->
<testsuite hostname="PRINHYLTPDL0700" failures="0" tests="1" name="com.testMultipleWindows.TestMultipleWindows" time="15.261" errors="0" timestamp="26 Aug 2019 08:25:46 GMT" skipped="0">
  <testcase classname="com.testMultipleWindows.TestMultipleWindows" name="testMultipleWindows" time="15.261"/>
</testsuite> <!-- com.testMultipleWindows.TestMultipleWindows -->
