<?xml version="1.0" encoding="UTF-8"?>
<!-- Generated by org.testng.reporters.JUnitReportReporter -->
<testsuite hostname="PRINHYLTPDL0700" failures="0" tests="2" name="com.Examples.Test7" time="0.013" errors="0" timestamp="14 Aug 2019 09:54:42 GMT" skipped="0">
  <testcase classname="com.Examples.Test7" name="func4" time="0.004"/>
  <testcase classname="com.Examples.Test7" name="func1" time="0.009"/>
</testsuite> <!-- com.Examples.Test7 -->
